<?xml version="1.0" encoding="UTF-8"?>
<!-- Generated by org.testng.reporters.JUnitReportReporter -->
<testsuite hostname="MacBook-Pro-de-Antonio.local" failures="0" tests="2" name="TestBiblioteca" time="0.022" errors="0" timestamp="2021-10-21T22:43:11 PET" skipped="0">
  <testcase classname="TestBiblioteca" name="TestAnadirLibros" time="0.022"/>
  <system-out/>
  <testcase classname="TestBiblioteca" name="TestLectores" time="0.000"/>
  <system-out/>
</testsuite> <!-- TestBiblioteca -->
